#-----------------------------------------------------------
# Vivado v2018.2 (64-bit)
# SW Build 2258646 on Thu Jun 14 20:03:12 MDT 2018
# IP Build 2256618 on Thu Jun 14 22:10:49 MDT 2018
# Start of session at: Wed Feb 28 17:12:42 2024
# Process ID: 19192
# Current directory: C:/Users/Jesus.Lamas/Desktop/ECE281/ece281-lab1
# Command line: vivado.exe -gui_launcher_event rodinguilauncherevent22796 C:\Users\Jesus.Lamas\Desktop\ECE281\ece281-lab1\thirtyoneday.xpr
# Log file: C:/Users/Jesus.Lamas/Desktop/ECE281/ece281-lab1/vivado.log
# Journal file: C:/Users/Jesus.Lamas/Desktop/ECE281/ece281-lab1\vivado.jou
#-----------------------------------------------------------
start_gui
open_project C:/Users/Jesus.Lamas/Desktop/ECE281/ece281-lab1/thirtyoneday.xpr
INFO: [Project 1-313] Project file moved from './ece281-lab1' since last save.
Scanning sources...
Finished scanning sources
WARNING: [filemgmt 56-2] IPUserFilesDir: Could not find the directory 'C:/Users/Jesus.Lamas/Desktop/ECE281/ece281-lab1/thirtyoneday.ip_user_files', nor could it be found using path 'C:/Users/Jesus.Lamas/Desktop/ECE281/ece281-lab1/ece281-lab1/thirtyoneday.ip_user_files'.
CRITICAL WARNING: [Board 49-67] The board_part definition was not found for digilentinc.com:basys3:part0:1.1. This can happen sometimes when you use custom board part. You can resolve this issue by setting 'board.repoPaths' parameter, pointing to the location of custom board files. Valid board_part values can be retrieved with the 'get_board_parts' Tcl command.
INFO: [IP_Flow 19-234] Refreshing IP repositories
INFO: [IP_Flow 19-1704] No user IP repositories specified
INFO: [IP_Flow 19-2313] Loaded Vivado IP repository 'C:/Xilinx/Vivado/2018.2/data/ip'.
open_project: Time (s): cpu = 00:00:04 ; elapsed = 00:00:06 . Memory (MB): peak = 747.641 ; gain = 16.512
update_compile_order -fileset sources_1
